<?xml version="1.0" encoding="UTF-8"?>
<!-- Generated by org.testng.reporters.JUnitXMLReporter -->
<testsuite ignored="8" hostname="DESKTOP-H3BL2K3" failures="0" tests="5" name="Test" time="237.623" errors="0" timestamp="2024-01-21T16:15:56 IST">
  <testcase classname="ResponsiveEDUserManagementTestScript.UserManagementDropDwnHandle" name="UserManagementAllDropDwnHandle" time="20.189"/>
  <testcase classname="ResponsiveEDUserManagementTestScript.SearchForAParticularUser" name="SearchForParticularUser" time="34.523"/>
  <testcase classname="ResponsiveEDUserManagementTestScript.CreateUser" name="CreateNewUSer" time="47.582"/>
  <testcase classname="ResponsiveEDUserManagementTestScript.EditParticularUserDetails" name="EditParticularUser" time="44.361"/>
  <testcase classname="ResponsiveEDUserManagementTestScript.viewParticularUserDetails" name="viewUserDetails" time="39.333"/>
  <testcase classname="ResponsiveEDGenericUtility.BaseClass" name="@AfterSuite closeconnectionwithdatabase" time="0.0">
    <ignored/>
  </testcase> <!-- @AfterSuite closeconnectionwithdatabase -->
  <testcase classname="ResponsiveEDGenericUtility.BaseClass" name="@AfterSuite closeconnectionwithdatabase" time="0.0">
    <ignored/>
  </testcase> <!-- @AfterSuite closeconnectionwithdatabase -->
  <testcase classname="ResponsiveEDGenericUtility.BaseClass" name="@AfterSuite closeconnectionwithdatabase" time="0.0">
    <ignored/>
  </testcase> <!-- @AfterSuite closeconnectionwithdatabase -->
  <testcase classname="ResponsiveEDGenericUtility.BaseClass" name="@AfterSuite closeconnectionwithdatabase" time="0.0">
    <ignored/>
  </testcase> <!-- @AfterSuite closeconnectionwithdatabase -->
  <testcase classname="ResponsiveEDGenericUtility.BaseClass" name="@BeforeSuite connectionwithdatabase" time="0.0">
    <ignored/>
  </testcase> <!-- @BeforeSuite connectionwithdatabase -->
  <testcase classname="ResponsiveEDGenericUtility.BaseClass" name="@BeforeSuite connectionwithdatabase" time="0.0">
    <ignored/>
  </testcase> <!-- @BeforeSuite connectionwithdatabase -->
  <testcase classname="ResponsiveEDGenericUtility.BaseClass" name="@BeforeSuite connectionwithdatabase" time="0.0">
    <ignored/>
  </testcase> <!-- @BeforeSuite connectionwithdatabase -->
  <testcase classname="ResponsiveEDGenericUtility.BaseClass" name="@BeforeSuite connectionwithdatabase" time="0.0">
    <ignored/>
  </testcase> <!-- @BeforeSuite connectionwithdatabase -->
</testsuite> <!-- Test -->
