<?xml version="1.0" encoding="UTF-8"?>
<testng-results ignored="12" total="18" passed="5" failed="1" skipped="0">
  <reporter-output>
  </reporter-output>
  <suite started-at="2024-01-23T21:53:23 IST" name="Default suite" finished-at="2024-01-23T21:57:46 IST" duration-ms="262687">
    <groups>
    </groups>
    <test started-at="2024-01-23T21:53:23 IST" name="Default test" finished-at="2024-01-23T21:57:46 IST" duration-ms="262687">
      <class name="ResponsiveEDUserManagementTestScript.viewParticularUserDetails">
        <test-method is-config="true" signature="connectionwithdatabase()[pri:0, instance:ResponsiveEDUserManagementTestScript.viewParticularUserDetails@33bc72d1]" started-at="2024-01-23T21:53:23 IST" name="connectionwithdatabase" finished-at="2024-01-23T21:53:23 IST" duration-ms="9" status="PASS">
          <reporter-output>
          </reporter-output>
        </test-method> <!-- connectionwithdatabase -->
        <test-method is-config="true" signature="lanchbrowser()[pri:0, instance:ResponsiveEDUserManagementTestScript.viewParticularUserDetails@33bc72d1]" started-at="2024-01-23T21:53:24 IST" name="lanchbrowser" finished-at="2024-01-23T21:53:30 IST" duration-ms="5844" status="PASS">
          <reporter-output>
          </reporter-output>
        </test-method> <!-- lanchbrowser -->
        <test-method is-config="true" signature="loginoperation()[pri:0, instance:ResponsiveEDUserManagementTestScript.viewParticularUserDetails@33bc72d1]" started-at="2024-01-23T21:53:30 IST" name="loginoperation" finished-at="2024-01-23T21:53:32 IST" duration-ms="2378" status="PASS">
          <reporter-output>
          </reporter-output>
        </test-method> <!-- loginoperation -->
        <test-method signature="viewUserDetails()[pri:0, instance:ResponsiveEDUserManagementTestScript.viewParticularUserDetails@33bc72d1]" started-at="2024-01-23T21:53:32 IST" name="viewUserDetails" finished-at="2024-01-23T21:54:12 IST" duration-ms="39930" status="PASS">
          <reporter-output>
          </reporter-output>
        </test-method> <!-- viewUserDetails -->
        <test-method is-config="true" signature="logoutoperation()[pri:0, instance:ResponsiveEDUserManagementTestScript.viewParticularUserDetails@33bc72d1]" started-at="2024-01-23T21:54:12 IST" name="logoutoperation" finished-at="2024-01-23T21:54:16 IST" duration-ms="4475" status="PASS">
          <reporter-output>
          </reporter-output>
        </test-method> <!-- logoutoperation -->
        <test-method is-config="true" signature="closewindow()[pri:0, instance:ResponsiveEDUserManagementTestScript.viewParticularUserDetails@33bc72d1]" started-at="2024-01-23T21:54:16 IST" name="closewindow" finished-at="2024-01-23T21:54:17 IST" duration-ms="276" status="PASS">
          <reporter-output>
          </reporter-output>
        </test-method> <!-- closewindow -->
        <test-method is-config="true" signature="closeconnectionwithdatabase()[pri:0, instance:ResponsiveEDUserManagementTestScript.viewParticularUserDetails@33bc72d1]" started-at="2024-01-23T21:57:47 IST" name="closeconnectionwithdatabase" finished-at="2024-01-23T21:57:47 IST" duration-ms="1" status="PASS">
          <reporter-output>
          </reporter-output>
        </test-method> <!-- closeconnectionwithdatabase -->
      </class> <!-- ResponsiveEDUserManagementTestScript.viewParticularUserDetails -->
      <class name="ResponsiveEDUserManagementTestScript.EditParticularUserDetails">
        <test-method is-config="true" signature="lanchbrowser()[pri:0, instance:ResponsiveEDUserManagementTestScript.EditParticularUserDetails@710c2b53]" started-at="2024-01-23T21:54:41 IST" name="lanchbrowser" finished-at="2024-01-23T21:54:43 IST" duration-ms="2262" status="PASS">
          <reporter-output>
          </reporter-output>
        </test-method> <!-- lanchbrowser -->
        <test-method is-config="true" signature="loginoperation()[pri:0, instance:ResponsiveEDUserManagementTestScript.EditParticularUserDetails@710c2b53]" started-at="2024-01-23T21:54:43 IST" name="loginoperation" finished-at="2024-01-23T21:54:46 IST" duration-ms="2332" status="PASS">
          <reporter-output>
          </reporter-output>
        </test-method> <!-- loginoperation -->
        <test-method signature="EditParticularUser()[pri:0, instance:ResponsiveEDUserManagementTestScript.EditParticularUserDetails@710c2b53]" started-at="2024-01-23T21:54:46 IST" name="EditParticularUser" finished-at="2024-01-23T21:55:30 IST" duration-ms="44350" status="PASS">
          <reporter-output>
          </reporter-output>
        </test-method> <!-- EditParticularUser -->
        <test-method is-config="true" signature="logoutoperation()[pri:0, instance:ResponsiveEDUserManagementTestScript.EditParticularUserDetails@710c2b53]" started-at="2024-01-23T21:55:30 IST" name="logoutoperation" finished-at="2024-01-23T21:55:34 IST" duration-ms="4423" status="PASS">
          <reporter-output>
          </reporter-output>
        </test-method> <!-- logoutoperation -->
        <test-method is-config="true" signature="closewindow()[pri:0, instance:ResponsiveEDUserManagementTestScript.EditParticularUserDetails@710c2b53]" started-at="2024-01-23T21:55:34 IST" name="closewindow" finished-at="2024-01-23T21:55:35 IST" duration-ms="242" status="PASS">
          <reporter-output>
          </reporter-output>
        </test-method> <!-- closewindow -->
      </class> <!-- ResponsiveEDUserManagementTestScript.EditParticularUserDetails -->
      <class name="ResponsiveEDUserManagementTestScript.SearchForAParticularUser">
        <test-method is-config="true" signature="lanchbrowser()[pri:0, instance:ResponsiveEDUserManagementTestScript.SearchForAParticularUser@14028087]" started-at="2024-01-23T21:55:35 IST" name="lanchbrowser" finished-at="2024-01-23T21:55:38 IST" duration-ms="3526" status="PASS">
          <reporter-output>
          </reporter-output>
        </test-method> <!-- lanchbrowser -->
        <test-method is-config="true" signature="loginoperation()[pri:0, instance:ResponsiveEDUserManagementTestScript.SearchForAParticularUser@14028087]" started-at="2024-01-23T21:55:38 IST" name="loginoperation" finished-at="2024-01-23T21:55:41 IST" duration-ms="2330" status="PASS">
          <reporter-output>
          </reporter-output>
        </test-method> <!-- loginoperation -->
        <test-method signature="SearchForParticularUser()[pri:0, instance:ResponsiveEDUserManagementTestScript.SearchForAParticularUser@14028087]" started-at="2024-01-23T21:55:41 IST" name="SearchForParticularUser" finished-at="2024-01-23T21:56:16 IST" duration-ms="35313" status="PASS">
          <reporter-output>
          </reporter-output>
        </test-method> <!-- SearchForParticularUser -->
        <test-method is-config="true" signature="logoutoperation()[pri:0, instance:ResponsiveEDUserManagementTestScript.SearchForAParticularUser@14028087]" started-at="2024-01-23T21:56:16 IST" name="logoutoperation" finished-at="2024-01-23T21:56:20 IST" duration-ms="4474" status="PASS">
          <reporter-output>
          </reporter-output>
        </test-method> <!-- logoutoperation -->
        <test-method is-config="true" signature="closewindow()[pri:0, instance:ResponsiveEDUserManagementTestScript.SearchForAParticularUser@14028087]" started-at="2024-01-23T21:56:20 IST" name="closewindow" finished-at="2024-01-23T21:56:21 IST" duration-ms="252" status="PASS">
          <reporter-output>
          </reporter-output>
        </test-method> <!-- closewindow -->
      </class> <!-- ResponsiveEDUserManagementTestScript.SearchForAParticularUser -->
      <class name="ResponsiveEDUserManagementTestScript.CreateUser">
        <test-method is-config="true" signature="lanchbrowser()[pri:0, instance:ResponsiveEDUserManagementTestScript.CreateUser@cecf639]" started-at="2024-01-23T21:56:21 IST" name="lanchbrowser" finished-at="2024-01-23T21:56:23 IST" duration-ms="2274" status="PASS">
          <reporter-output>
          </reporter-output>
        </test-method> <!-- lanchbrowser -->
        <test-method is-config="true" signature="loginoperation()[pri:0, instance:ResponsiveEDUserManagementTestScript.CreateUser@cecf639]" started-at="2024-01-23T21:56:23 IST" name="loginoperation" finished-at="2024-01-23T21:56:25 IST" duration-ms="2490" status="PASS">
          <reporter-output>
          </reporter-output>
        </test-method> <!-- loginoperation -->
        <test-method signature="CreateNewUSer()[pri:0, instance:ResponsiveEDUserManagementTestScript.CreateUser@cecf639]" started-at="2024-01-23T21:56:25 IST" name="CreateNewUSer" finished-at="2024-01-23T21:57:13 IST" duration-ms="47333" status="PASS">
          <reporter-output>
          </reporter-output>
        </test-method> <!-- CreateNewUSer -->
        <test-method is-config="true" signature="logoutoperation()[pri:0, instance:ResponsiveEDUserManagementTestScript.CreateUser@cecf639]" started-at="2024-01-23T21:57:13 IST" name="logoutoperation" finished-at="2024-01-23T21:57:17 IST" duration-ms="4464" status="PASS">
          <reporter-output>
          </reporter-output>
        </test-method> <!-- logoutoperation -->
        <test-method is-config="true" signature="closewindow()[pri:0, instance:ResponsiveEDUserManagementTestScript.CreateUser@cecf639]" started-at="2024-01-23T21:57:17 IST" name="closewindow" finished-at="2024-01-23T21:57:17 IST" duration-ms="250" status="PASS">
          <reporter-output>
          </reporter-output>
        </test-method> <!-- closewindow -->
      </class> <!-- ResponsiveEDUserManagementTestScript.CreateUser -->
      <class name="ResponsiveEDPractice.Test1">
        <test-method is-config="true" signature="lanchbrowser()[pri:0, instance:ResponsiveEDPractice.Test1@2767e23c]" started-at="2024-01-23T21:54:17 IST" name="lanchbrowser" finished-at="2024-01-23T21:54:19 IST" duration-ms="2304" status="PASS">
          <reporter-output>
          </reporter-output>
        </test-method> <!-- lanchbrowser -->
        <test-method is-config="true" signature="loginoperation()[pri:0, instance:ResponsiveEDPractice.Test1@2767e23c]" started-at="2024-01-23T21:54:19 IST" name="loginoperation" finished-at="2024-01-23T21:54:21 IST" duration-ms="2326" status="PASS">
          <reporter-output>
          </reporter-output>
        </test-method> <!-- loginoperation -->
        <test-method signature="tests()[pri:0, instance:ResponsiveEDPractice.Test1@2767e23c]" started-at="2024-01-23T21:54:21 IST" name="tests" finished-at="2024-01-23T21:54:36 IST" duration-ms="14819" status="FAIL">
          <exception class="org.openqa.selenium.NoSuchElementException">
            <message>
              <![CDATA[no such element: Unable to locate element: {"method":"xpath","selector":"//span[text()='GOer']"}
  (Session info: chrome=120.0.6099.225)
For documentation on this error, please visit: https://www.selenium.dev/documentation/webdriver/troubleshooting/errors#no-such-element-exception
Build info: version: '4.12.1', revision: '8e34639b11'
System info: os.name: 'Windows 11', os.arch: 'amd64', os.version: '10.0', java.version: '17.0.9'
Driver info: org.openqa.selenium.chrome.ChromeDriver
Command: [a65524d2044419f3c2833b7a8d3b46f8, findElement {using=xpath, value=//span[text()='GOer']}]
Capabilities {acceptInsecureCerts: false, browserName: chrome, browserVersion: 120.0.6099.225, chrome: {chromedriverVersion: 120.0.6099.109 (3419140ab66..., userDataDir: C:\Users\admin\AppData\Loca...}, fedcm:accounts: true, goog:chromeOptions: {debuggerAddress: localhost:58629}, networkConnectionEnabled: false, pageLoadStrategy: normal, platformName: windows, proxy: Proxy(), se:cdp: ws://localhost:58629/devtoo..., se:cdpVersion: 120.0.6099.225, setWindowRect: true, strictFileInteractability: false, timeouts: {implicit: 0, pageLoad: 300000, script: 30000}, unhandledPromptBehavior: dismiss and notify, webauthn:extension:credBlob: true, webauthn:extension:largeBlob: true, webauthn:extension:minPinLength: true, webauthn:extension:prf: true, webauthn:virtualAuthenticators: true}
Session ID: a65524d2044419f3c2833b7a8d3b46f8]]>
            </message>
            <full-stacktrace>
              <![CDATA[org.openqa.selenium.NoSuchElementException: no such element: Unable to locate element: {"method":"xpath","selector":"//span[text()='GOer']"}
  (Session info: chrome=120.0.6099.225)
For documentation on this error, please visit: https://www.selenium.dev/documentation/webdriver/troubleshooting/errors#no-such-element-exception
Build info: version: '4.12.1', revision: '8e34639b11'
System info: os.name: 'Windows 11', os.arch: 'amd64', os.version: '10.0', java.version: '17.0.9'
Driver info: org.openqa.selenium.chrome.ChromeDriver
Command: [a65524d2044419f3c2833b7a8d3b46f8, findElement {using=xpath, value=//span[text()='GOer']}]
Capabilities {acceptInsecureCerts: false, browserName: chrome, browserVersion: 120.0.6099.225, chrome: {chromedriverVersion: 120.0.6099.109 (3419140ab66..., userDataDir: C:\Users\admin\AppData\Loca...}, fedcm:accounts: true, goog:chromeOptions: {debuggerAddress: localhost:58629}, networkConnectionEnabled: false, pageLoadStrategy: normal, platformName: windows, proxy: Proxy(), se:cdp: ws://localhost:58629/devtoo..., se:cdpVersion: 120.0.6099.225, setWindowRect: true, strictFileInteractability: false, timeouts: {implicit: 0, pageLoad: 300000, script: 30000}, unhandledPromptBehavior: dismiss and notify, webauthn:extension:credBlob: true, webauthn:extension:largeBlob: true, webauthn:extension:minPinLength: true, webauthn:extension:prf: true, webauthn:virtualAuthenticators: true}
Session ID: a65524d2044419f3c2833b7a8d3b46f8
at java.base/jdk.internal.reflect.NativeConstructorAccessorImpl.newInstance0(Native Method)
at java.base/jdk.internal.reflect.NativeConstructorAccessorImpl.newInstance(NativeConstructorAccessorImpl.java:77)
at java.base/jdk.internal.reflect.DelegatingConstructorAccessorImpl.newInstance(DelegatingConstructorAccessorImpl.java:45)
at java.base/java.lang.reflect.Constructor.newInstanceWithCaller(Constructor.java:499)
at java.base/java.lang.reflect.Constructor.newInstance(Constructor.java:480)
at org.openqa.selenium.remote.codec.w3c.W3CHttpResponseCodec.createException(W3CHttpResponseCodec.java:200)
at org.openqa.selenium.remote.codec.w3c.W3CHttpResponseCodec.decode(W3CHttpResponseCodec.java:133)
at org.openqa.selenium.remote.codec.w3c.W3CHttpResponseCodec.decode(W3CHttpResponseCodec.java:52)
at org.openqa.selenium.remote.HttpCommandExecutor.execute(HttpCommandExecutor.java:191)
at org.openqa.selenium.remote.service.DriverCommandExecutor.invokeExecute(DriverCommandExecutor.java:196)
at org.openqa.selenium.remote.service.DriverCommandExecutor.execute(DriverCommandExecutor.java:171)
at org.openqa.selenium.remote.RemoteWebDriver.execute(RemoteWebDriver.java:602)
at org.openqa.selenium.remote.ElementLocation$ElementFinder$2.findElement(ElementLocation.java:165)
at org.openqa.selenium.remote.ElementLocation.findElement(ElementLocation.java:59)
at org.openqa.selenium.remote.RemoteWebDriver.findElement(RemoteWebDriver.java:359)
at org.openqa.selenium.remote.RemoteWebDriver.findElement(RemoteWebDriver.java:353)
at ResponsiveEDPractice.Test1.tests(Test1.java:20)
at java.base/jdk.internal.reflect.NativeMethodAccessorImpl.invoke0(Native Method)
at java.base/jdk.internal.reflect.NativeMethodAccessorImpl.invoke(NativeMethodAccessorImpl.java:77)
at java.base/jdk.internal.reflect.DelegatingMethodAccessorImpl.invoke(DelegatingMethodAccessorImpl.java:43)
at java.base/java.lang.reflect.Method.invoke(Method.java:568)
at org.testng.internal.MethodInvocationHelper.invokeMethod(MethodInvocationHelper.java:133)
at org.testng.internal.TestInvoker.invokeMethod(TestInvoker.java:598)
at org.testng.internal.TestInvoker.invokeTestMethod(TestInvoker.java:173)
at org.testng.internal.MethodRunner.runInSequence(MethodRunner.java:46)
at org.testng.internal.TestInvoker$MethodInvocationAgent.invoke(TestInvoker.java:824)
at org.testng.internal.TestInvoker.invokeTestMethods(TestInvoker.java:146)
at org.testng.internal.TestMethodWorker.invokeTestMethods(TestMethodWorker.java:146)
at org.testng.internal.TestMethodWorker.run(TestMethodWorker.java:128)
at java.base/java.util.ArrayList.forEach(ArrayList.java:1511)
at org.testng.TestRunner.privateRun(TestRunner.java:794)
at org.testng.TestRunner.run(TestRunner.java:596)
at org.testng.SuiteRunner.runTest(SuiteRunner.java:377)
at org.testng.SuiteRunner.runSequentially(SuiteRunner.java:371)
at org.testng.SuiteRunner.privateRun(SuiteRunner.java:332)
at org.testng.SuiteRunner.run(SuiteRunner.java:276)
at org.testng.SuiteRunnerWorker.runSuite(SuiteRunnerWorker.java:53)
at org.testng.SuiteRunnerWorker.run(SuiteRunnerWorker.java:96)
at org.testng.TestNG.runSuitesSequentially(TestNG.java:1212)
at org.testng.TestNG.runSuitesLocally(TestNG.java:1134)
at org.testng.TestNG.runSuites(TestNG.java:1063)
at org.testng.TestNG.run(TestNG.java:1031)
at org.testng.remote.AbstractRemoteTestNG.run(AbstractRemoteTestNG.java:115)
at org.testng.remote.RemoteTestNG.initAndRun(RemoteTestNG.java:251)
at org.testng.remote.RemoteTestNG.main(RemoteTestNG.java:77)
]]>
            </full-stacktrace>
          </exception> <!-- org.openqa.selenium.NoSuchElementException -->
          <reporter-output>
          </reporter-output>
        </test-method> <!-- tests -->
        <test-method is-config="true" signature="logoutoperation()[pri:0, instance:ResponsiveEDPractice.Test1@2767e23c]" started-at="2024-01-23T21:54:36 IST" name="logoutoperation" finished-at="2024-01-23T21:54:41 IST" duration-ms="4417" status="PASS">
          <reporter-output>
          </reporter-output>
        </test-method> <!-- logoutoperation -->
        <test-method is-config="true" signature="closewindow()[pri:0, instance:ResponsiveEDPractice.Test1@2767e23c]" started-at="2024-01-23T21:54:41 IST" name="closewindow" finished-at="2024-01-23T21:54:41 IST" duration-ms="256" status="PASS">
          <reporter-output>
          </reporter-output>
        </test-method> <!-- closewindow -->
      </class> <!-- ResponsiveEDPractice.Test1 -->
      <class name="ResponsiveEDUserManagementTestScript.UserManagementDropDwnHandle">
        <test-method is-config="true" signature="lanchbrowser()[pri:0, instance:ResponsiveEDUserManagementTestScript.UserManagementDropDwnHandle@1caa0244]" started-at="2024-01-23T21:57:17 IST" name="lanchbrowser" finished-at="2024-01-23T21:57:20 IST" duration-ms="2353" status="PASS">
          <reporter-output>
          </reporter-output>
        </test-method> <!-- lanchbrowser -->
        <test-method is-config="true" signature="loginoperation()[pri:0, instance:ResponsiveEDUserManagementTestScript.UserManagementDropDwnHandle@1caa0244]" started-at="2024-01-23T21:57:20 IST" name="loginoperation" finished-at="2024-01-23T21:57:22 IST" duration-ms="2339" status="PASS">
          <reporter-output>
          </reporter-output>
        </test-method> <!-- loginoperation -->
        <test-method signature="UserManagementAllDropDwnHandle()[pri:0, instance:ResponsiveEDUserManagementTestScript.UserManagementDropDwnHandle@1caa0244]" started-at="2024-01-23T21:57:22 IST" name="UserManagementAllDropDwnHandle" finished-at="2024-01-23T21:57:41 IST" duration-ms="19331" status="PASS">
          <reporter-output>
          </reporter-output>
        </test-method> <!-- UserManagementAllDropDwnHandle -->
        <test-method is-config="true" signature="logoutoperation()[pri:0, instance:ResponsiveEDUserManagementTestScript.UserManagementDropDwnHandle@1caa0244]" started-at="2024-01-23T21:57:41 IST" name="logoutoperation" finished-at="2024-01-23T21:57:46 IST" duration-ms="4365" status="PASS">
          <reporter-output>
          </reporter-output>
        </test-method> <!-- logoutoperation -->
        <test-method is-config="true" signature="closewindow()[pri:0, instance:ResponsiveEDUserManagementTestScript.UserManagementDropDwnHandle@1caa0244]" started-at="2024-01-23T21:57:46 IST" name="closewindow" finished-at="2024-01-23T21:57:46 IST" duration-ms="191" status="PASS">
          <reporter-output>
          </reporter-output>
        </test-method> <!-- closewindow -->
      </class> <!-- ResponsiveEDUserManagementTestScript.UserManagementDropDwnHandle -->
    </test> <!-- Default test -->
  </suite> <!-- Default suite -->
</testng-results>
